<?xml version="1.0" encoding="UTF-8"?>
<coverage generated="1703884061121" clover="3.2.0">
  <project timestamp="1703884061121" name="All files">
    <metrics statements="42" coveredstatements="41" conditionals="36" coveredconditionals="32" methods="12" coveredmethods="12" elements="90" coveredelements="85" complexity="0" loc="42" ncloc="42" packages="1" files="4" classes="4"/>
    <file name="caeserCipher.js" path="C:\Users\Mooktar\projects\odin-tdd-practice\src\caeserCipher.js">
      <metrics statements="17" coveredstatements="16" conditionals="10" coveredconditionals="8" methods="3" coveredmethods="3"/>
      <line num="3" count="1" type="stmt"/>
      <line num="4" count="1" type="stmt"/>
      <line num="6" count="85" type="stmt"/>
      <line num="8" count="1" type="stmt"/>
      <line num="9" count="19" type="stmt"/>
      <line num="11" count="1" type="stmt"/>
      <line num="12" count="3" type="stmt"/>
      <line num="14" count="3" type="cond" truecount="2" falsecount="0"/>
      <line num="16" count="2" type="stmt"/>
      <line num="17" count="19" type="stmt"/>
      <line num="18" count="19" type="cond" truecount="3" falsecount="1"/>
      <line num="19" count="19" type="cond" truecount="2" falsecount="0"/>
      <line num="20" count="14" type="stmt"/>
      <line num="21" count="5" type="cond" truecount="1" falsecount="1"/>
      <line num="22" count="5" type="stmt"/>
      <line num="25" count="0" type="stmt"/>
      <line num="28" count="2" type="stmt"/>
    </file>
    <file name="calculator.js" path="C:\Users\Mooktar\projects\odin-tdd-practice\src\calculator.js">
      <metrics statements="11" coveredstatements="11" conditionals="12" coveredconditionals="10" methods="5" coveredmethods="5"/>
      <line num="1" count="1" type="stmt"/>
      <line num="2" count="7" type="cond" truecount="4" falsecount="0"/>
      <line num="5" count="1" type="stmt"/>
      <line num="7" count="1" type="stmt"/>
      <line num="8" count="2" type="cond" truecount="2" falsecount="0"/>
      <line num="11" count="1" type="stmt"/>
      <line num="12" count="2" type="cond" truecount="2" falsecount="0"/>
      <line num="15" count="1" type="stmt"/>
      <line num="16" count="2" type="cond" truecount="1" falsecount="1"/>
      <line num="19" count="1" type="stmt"/>
      <line num="20" count="1" type="cond" truecount="1" falsecount="1"/>
    </file>
    <file name="capitalize.js" path="C:\Users\Mooktar\projects\odin-tdd-practice\src\capitalize.js">
      <metrics statements="11" coveredstatements="11" conditionals="12" coveredconditionals="12" methods="3" coveredmethods="3"/>
      <line num="1" count="2" type="stmt"/>
      <line num="2" count="4" type="stmt"/>
      <line num="3" count="15" type="cond" truecount="2" falsecount="0"/>
      <line num="4" count="14" type="cond" truecount="2" falsecount="0"/>
      <line num="5" count="1" type="stmt"/>
      <line num="8" count="2" type="stmt"/>
      <line num="11" count="2" type="stmt"/>
      <line num="12" count="47" type="cond" truecount="4" falsecount="0"/>
      <line num="14" count="2" type="stmt"/>
      <line num="15" count="39" type="cond" truecount="4" falsecount="0"/>
      <line num="18" count="2" type="stmt"/>
    </file>
    <file name="reverseString.js" path="C:\Users\Mooktar\projects\odin-tdd-practice\src\reverseString.js">
      <metrics statements="3" coveredstatements="3" conditionals="2" coveredconditionals="2" methods="1" coveredmethods="1"/>
      <line num="1" count="1" type="stmt"/>
      <line num="2" count="5" type="cond" truecount="2" falsecount="0"/>
      <line num="3" count="2" type="stmt"/>
    </file>
  </project>
</coverage>
