{"C:\\Users\\Mooktar\\projects\\odin-tdd-practice\\src\\analyzeArray.js": {"path":"C:\\Users\\Mooktar\\projects\\odin-tdd-practice\\src\\analyzeArray.js","statementMap":{"0":{"start":{"line":1,"column":28},"end":{"line":11,"column":1}},"1":{"start":{"line":2,"column":4},"end":{"line":2,"column":58}},"2":{"start":{"line":2,"column":31},"end":{"line":2,"column":58}},"3":{"start":{"line":4,"column":16},"end":{"line":4,"column":71}},"4":{"start":{"line":4,"column":52},"end":{"line":4,"column":70}},"5":{"start":{"line":5,"column":20},"end":{"line":5,"column":38}},"6":{"start":{"line":6,"column":16},"end":{"line":6,"column":80}},"7":{"start":{"line":6,"column":52},"end":{"line":6,"column":79}},"8":{"start":{"line":7,"column":16},"end":{"line":7,"column":80}},"9":{"start":{"line":7,"column":52},"end":{"line":7,"column":79}},"10":{"start":{"line":8,"column":19},"end":{"line":8,"column":31}},"11":{"start":{"line":10,"column":4},"end":{"line":10,"column":41}},"12":{"start":{"line":13,"column":21},"end":{"line":20,"column":1}},"13":{"start":{"line":14,"column":4},"end":{"line":18,"column":5}},"14":{"start":{"line":15,"column":8},"end":{"line":15,"column":75}},"15":{"start":{"line":15,"column":32},"end":{"line":15,"column":75}},"16":{"start":{"line":15,"column":62},"end":{"line":15,"column":75}},"17":{"start":{"line":17,"column":8},"end":{"line":17,"column":21}},"18":{"start":{"line":19,"column":4},"end":{"line":19,"column":16}}},"fnMap":{"0":{"name":"(anonymous_0)","decl":{"start":{"line":1,"column":28},"end":{"line":1,"column":29}},"loc":{"start":{"line":1,"column":39},"end":{"line":11,"column":1}},"line":1},"1":{"name":"(anonymous_1)","decl":{"start":{"line":4,"column":29},"end":{"line":4,"column":30}},"loc":{"start":{"line":4,"column":52},"end":{"line":4,"column":70}},"line":4},"2":{"name":"(anonymous_2)","decl":{"start":{"line":6,"column":29},"end":{"line":6,"column":30}},"loc":{"start":{"line":6,"column":52},"end":{"line":6,"column":79}},"line":6},"3":{"name":"(anonymous_3)","decl":{"start":{"line":7,"column":29},"end":{"line":7,"column":30}},"loc":{"start":{"line":7,"column":52},"end":{"line":7,"column":79}},"line":7},"4":{"name":"(anonymous_4)","decl":{"start":{"line":13,"column":21},"end":{"line":13,"column":22}},"loc":{"start":{"line":13,"column":32},"end":{"line":20,"column":1}},"line":13}},"branchMap":{"0":{"loc":{"start":{"line":2,"column":4},"end":{"line":2,"column":58}},"type":"if","locations":[{"start":{"line":2,"column":4},"end":{"line":2,"column":58}},{"start":{},"end":{}}],"line":2},"1":{"loc":{"start":{"line":14,"column":4},"end":{"line":18,"column":5}},"type":"if","locations":[{"start":{"line":14,"column":4},"end":{"line":18,"column":5}},{"start":{"line":16,"column":11},"end":{"line":18,"column":5}}],"line":14},"2":{"loc":{"start":{"line":15,"column":32},"end":{"line":15,"column":75}},"type":"if","locations":[{"start":{"line":15,"column":32},"end":{"line":15,"column":75}},{"start":{},"end":{}}],"line":15}},"s":{"0":1,"1":3,"2":2,"3":1,"4":4,"5":1,"6":1,"7":4,"8":1,"9":4,"10":1,"11":1,"12":1,"13":3,"14":2,"15":10,"16":1,"17":1,"18":1},"f":{"0":3,"1":4,"2":4,"3":4,"4":3},"b":{"0":[2,1],"1":[2,1],"2":[1,9]},"_coverageSchema":"1a1c01bbd47fc00a2c39e90264f33305004495a9","hash":"e8b9b0c790e5a1c69b1ef9b3a3074db3b0448502"}
,"C:\\Users\\Mooktar\\projects\\odin-tdd-practice\\src\\caeserCipher.js": {"path":"C:\\Users\\Mooktar\\projects\\odin-tdd-practice\\src\\caeserCipher.js","statementMap":{"0":{"start":{"line":3,"column":17},"end":{"line":3,"column":45}},"1":{"start":{"line":4,"column":24},"end":{"line":7,"column":13}},"2":{"start":{"line":6,"column":16},"end":{"line":6,"column":35}},"3":{"start":{"line":8,"column":15},"end":{"line":8,"column":43}},"4":{"start":{"line":9,"column":21},"end":{"line":9,"column":61}},"5":{"start":{"line":9,"column":31},"end":{"line":9,"column":61}},"6":{"start":{"line":11,"column":28},"end":{"line":29,"column":1}},"7":{"start":{"line":12,"column":17},"end":{"line":12,"column":19}},"8":{"start":{"line":14,"column":4},"end":{"line":14,"column":64}},"9":{"start":{"line":14,"column":36},"end":{"line":14,"column":64}},"10":{"start":{"line":16,"column":4},"end":{"line":27,"column":5}},"11":{"start":{"line":16,"column":17},"end":{"line":16,"column":18}},"12":{"start":{"line":17,"column":21},"end":{"line":17,"column":30}},"13":{"start":{"line":18,"column":8},"end":{"line":26,"column":9}},"14":{"start":{"line":19,"column":12},"end":{"line":23,"column":13}},"15":{"start":{"line":20,"column":16},"end":{"line":20,"column":45}},"16":{"start":{"line":21,"column":19},"end":{"line":23,"column":13}},"17":{"start":{"line":22,"column":16},"end":{"line":22,"column":73}},"18":{"start":{"line":25,"column":12},"end":{"line":25,"column":27}},"19":{"start":{"line":28,"column":4},"end":{"line":28,"column":18}}},"fnMap":{"0":{"name":"(anonymous_0)","decl":{"start":{"line":6,"column":10},"end":{"line":6,"column":11}},"loc":{"start":{"line":6,"column":16},"end":{"line":6,"column":35}},"line":6},"1":{"name":"(anonymous_1)","decl":{"start":{"line":9,"column":21},"end":{"line":9,"column":22}},"loc":{"start":{"line":9,"column":31},"end":{"line":9,"column":61}},"line":9},"2":{"name":"(anonymous_2)","decl":{"start":{"line":11,"column":28},"end":{"line":11,"column":29}},"loc":{"start":{"line":11,"column":40},"end":{"line":29,"column":1}},"line":11}},"branchMap":{"0":{"loc":{"start":{"line":14,"column":4},"end":{"line":14,"column":64}},"type":"if","locations":[{"start":{"line":14,"column":4},"end":{"line":14,"column":64}},{"start":{},"end":{}}],"line":14},"1":{"loc":{"start":{"line":18,"column":8},"end":{"line":26,"column":9}},"type":"if","locations":[{"start":{"line":18,"column":8},"end":{"line":26,"column":9}},{"start":{"line":24,"column":15},"end":{"line":26,"column":9}}],"line":18},"2":{"loc":{"start":{"line":18,"column":12},"end":{"line":18,"column":50}},"type":"binary-expr","locations":[{"start":{"line":18,"column":12},"end":{"line":18,"column":29}},{"start":{"line":18,"column":33},"end":{"line":18,"column":50}}],"line":18},"3":{"loc":{"start":{"line":19,"column":12},"end":{"line":23,"column":13}},"type":"if","locations":[{"start":{"line":19,"column":12},"end":{"line":23,"column":13}},{"start":{"line":21,"column":19},"end":{"line":23,"column":13}}],"line":19},"4":{"loc":{"start":{"line":21,"column":19},"end":{"line":23,"column":13}},"type":"if","locations":[{"start":{"line":21,"column":19},"end":{"line":23,"column":13}},{"start":{},"end":{}}],"line":21}},"s":{"0":1,"1":1,"2":90,"3":1,"4":1,"5":19,"6":1,"7":3,"8":3,"9":1,"10":2,"11":2,"12":19,"13":19,"14":19,"15":14,"16":5,"17":5,"18":0,"19":2},"f":{"0":90,"1":19,"2":3},"b":{"0":[1,2],"1":[19,0],"2":[19,14],"3":[14,5],"4":[5,0]},"_coverageSchema":"1a1c01bbd47fc00a2c39e90264f33305004495a9","hash":"5312c505bae9d38defeb9e7ee775c5a9817be5e4"}
,"C:\\Users\\Mooktar\\projects\\odin-tdd-practice\\src\\calculator.js": {"path":"C:\\Users\\Mooktar\\projects\\odin-tdd-practice\\src\\calculator.js","statementMap":{"0":{"start":{"line":1,"column":20},"end":{"line":3,"column":1}},"1":{"start":{"line":2,"column":4},"end":{"line":2,"column":73}},"2":{"start":{"line":5,"column":17},"end":{"line":5,"column":49}},"3":{"start":{"line":7,"column":19},"end":{"line":9,"column":1}},"4":{"start":{"line":8,"column":4},"end":{"line":8,"column":48}},"5":{"start":{"line":11,"column":25},"end":{"line":13,"column":1}},"6":{"start":{"line":12,"column":4},"end":{"line":12,"column":48}},"7":{"start":{"line":15,"column":22},"end":{"line":17,"column":1}},"8":{"start":{"line":16,"column":4},"end":{"line":16,"column":48}},"9":{"start":{"line":19,"column":24},"end":{"line":21,"column":1}},"10":{"start":{"line":20,"column":4},"end":{"line":20,"column":48}}},"fnMap":{"0":{"name":"(anonymous_0)","decl":{"start":{"line":1,"column":20},"end":{"line":1,"column":21}},"loc":{"start":{"line":1,"column":30},"end":{"line":3,"column":1}},"line":1},"1":{"name":"(anonymous_1)","decl":{"start":{"line":7,"column":19},"end":{"line":7,"column":20}},"loc":{"start":{"line":7,"column":29},"end":{"line":9,"column":1}},"line":7},"2":{"name":"(anonymous_2)","decl":{"start":{"line":11,"column":25},"end":{"line":11,"column":26}},"loc":{"start":{"line":11,"column":35},"end":{"line":13,"column":1}},"line":11},"3":{"name":"(anonymous_3)","decl":{"start":{"line":15,"column":22},"end":{"line":15,"column":23}},"loc":{"start":{"line":15,"column":32},"end":{"line":17,"column":1}},"line":15},"4":{"name":"(anonymous_4)","decl":{"start":{"line":19,"column":24},"end":{"line":19,"column":25}},"loc":{"start":{"line":19,"column":34},"end":{"line":21,"column":1}},"line":19}},"branchMap":{"0":{"loc":{"start":{"line":2,"column":11},"end":{"line":2,"column":72}},"type":"cond-expr","locations":[{"start":{"line":2,"column":60},"end":{"line":2,"column":65}},{"start":{"line":2,"column":68},"end":{"line":2,"column":72}}],"line":2},"1":{"loc":{"start":{"line":2,"column":11},"end":{"line":2,"column":57}},"type":"binary-expr","locations":[{"start":{"line":2,"column":11},"end":{"line":2,"column":32}},{"start":{"line":2,"column":36},"end":{"line":2,"column":57}}],"line":2},"2":{"loc":{"start":{"line":8,"column":11},"end":{"line":8,"column":47}},"type":"cond-expr","locations":[{"start":{"line":8,"column":31},"end":{"line":8,"column":36}},{"start":{"line":8,"column":39},"end":{"line":8,"column":47}}],"line":8},"3":{"loc":{"start":{"line":12,"column":11},"end":{"line":12,"column":47}},"type":"cond-expr","locations":[{"start":{"line":12,"column":31},"end":{"line":12,"column":36}},{"start":{"line":12,"column":39},"end":{"line":12,"column":47}}],"line":12},"4":{"loc":{"start":{"line":16,"column":11},"end":{"line":16,"column":47}},"type":"cond-expr","locations":[{"start":{"line":16,"column":31},"end":{"line":16,"column":36}},{"start":{"line":16,"column":39},"end":{"line":16,"column":47}}],"line":16},"5":{"loc":{"start":{"line":20,"column":11},"end":{"line":20,"column":47}},"type":"cond-expr","locations":[{"start":{"line":20,"column":31},"end":{"line":20,"column":36}},{"start":{"line":20,"column":39},"end":{"line":20,"column":47}}],"line":20}},"s":{"0":1,"1":7,"2":1,"3":1,"4":2,"5":1,"6":2,"7":1,"8":2,"9":1,"10":1},"f":{"0":7,"1":2,"2":2,"3":2,"4":1},"b":{"0":[2,5],"1":[7,5],"2":[1,1],"3":[1,1],"4":[2,0],"5":[1,0]},"_coverageSchema":"1a1c01bbd47fc00a2c39e90264f33305004495a9","hash":"6176d3d5e0fee8f9f1cc1ff614ca40b17c0c35d1"}
,"C:\\Users\\Mooktar\\projects\\odin-tdd-practice\\src\\capitalize.js": {"path":"C:\\Users\\Mooktar\\projects\\odin-tdd-practice\\src\\capitalize.js","statementMap":{"0":{"start":{"line":1,"column":19},"end":{"line":9,"column":1}},"1":{"start":{"line":2,"column":4},"end":{"line":7,"column":5}},"2":{"start":{"line":2,"column":17},"end":{"line":2,"column":18}},"3":{"start":{"line":3,"column":8},"end":{"line":3,"column":49}},"4":{"start":{"line":3,"column":36},"end":{"line":3,"column":49}},"5":{"start":{"line":4,"column":8},"end":{"line":6,"column":9}},"6":{"start":{"line":5,"column":12},"end":{"line":5,"column":104}},"7":{"start":{"line":8,"column":4},"end":{"line":8,"column":35}},"8":{"start":{"line":11,"column":20},"end":{"line":13,"column":1}},"9":{"start":{"line":12,"column":4},"end":{"line":12,"column":72}},"10":{"start":{"line":14,"column":20},"end":{"line":16,"column":1}},"11":{"start":{"line":15,"column":4},"end":{"line":15,"column":72}},"12":{"start":{"line":18,"column":0},"end":{"line":18,"column":57}}},"fnMap":{"0":{"name":"(anonymous_0)","decl":{"start":{"line":1,"column":19},"end":{"line":1,"column":20}},"loc":{"start":{"line":1,"column":31},"end":{"line":9,"column":1}},"line":1},"1":{"name":"(anonymous_1)","decl":{"start":{"line":11,"column":20},"end":{"line":11,"column":21}},"loc":{"start":{"line":11,"column":27},"end":{"line":13,"column":1}},"line":11},"2":{"name":"(anonymous_2)","decl":{"start":{"line":14,"column":20},"end":{"line":14,"column":21}},"loc":{"start":{"line":14,"column":27},"end":{"line":16,"column":1}},"line":14}},"branchMap":{"0":{"loc":{"start":{"line":3,"column":8},"end":{"line":3,"column":49}},"type":"if","locations":[{"start":{"line":3,"column":8},"end":{"line":3,"column":49}},{"start":{},"end":{}}],"line":3},"1":{"loc":{"start":{"line":4,"column":8},"end":{"line":6,"column":9}},"type":"if","locations":[{"start":{"line":4,"column":8},"end":{"line":6,"column":9}},{"start":{},"end":{}}],"line":4},"2":{"loc":{"start":{"line":12,"column":11},"end":{"line":12,"column":72}},"type":"cond-expr","locations":[{"start":{"line":12,"column":60},"end":{"line":12,"column":64}},{"start":{"line":12,"column":67},"end":{"line":12,"column":72}}],"line":12},"3":{"loc":{"start":{"line":12,"column":12},"end":{"line":12,"column":56}},"type":"binary-expr","locations":[{"start":{"line":12,"column":12},"end":{"line":12,"column":32}},{"start":{"line":12,"column":36},"end":{"line":12,"column":56}}],"line":12},"4":{"loc":{"start":{"line":15,"column":11},"end":{"line":15,"column":72}},"type":"cond-expr","locations":[{"start":{"line":15,"column":60},"end":{"line":15,"column":64}},{"start":{"line":15,"column":67},"end":{"line":15,"column":72}}],"line":15},"5":{"loc":{"start":{"line":15,"column":12},"end":{"line":15,"column":56}},"type":"binary-expr","locations":[{"start":{"line":15,"column":12},"end":{"line":15,"column":32}},{"start":{"line":15,"column":36},"end":{"line":15,"column":56}}],"line":15}},"s":{"0":2,"1":4,"2":4,"3":15,"4":1,"5":14,"6":1,"7":2,"8":2,"9":47,"10":2,"11":39,"12":2},"f":{"0":4,"1":47,"2":39},"b":{"0":[1,14],"1":[1,13],"2":[29,18],"3":[47,42],"4":[11,28],"5":[39,24]},"_coverageSchema":"1a1c01bbd47fc00a2c39e90264f33305004495a9","hash":"79f4381d6aab64f3ff4d663a17dfe09d3250a361"}
,"C:\\Users\\Mooktar\\projects\\odin-tdd-practice\\src\\reverseString.js": {"path":"C:\\Users\\Mooktar\\projects\\odin-tdd-practice\\src\\reverseString.js","statementMap":{"0":{"start":{"line":1,"column":29},"end":{"line":4,"column":1}},"1":{"start":{"line":2,"column":4},"end":{"line":2,"column":79}},"2":{"start":{"line":2,"column":36},"end":{"line":2,"column":79}},"3":{"start":{"line":3,"column":4},"end":{"line":3,"column":31}}},"fnMap":{"0":{"name":"(anonymous_0)","decl":{"start":{"line":1,"column":29},"end":{"line":1,"column":30}},"loc":{"start":{"line":1,"column":41},"end":{"line":4,"column":1}},"line":1}},"branchMap":{"0":{"loc":{"start":{"line":2,"column":4},"end":{"line":2,"column":79}},"type":"if","locations":[{"start":{"line":2,"column":4},"end":{"line":2,"column":79}},{"start":{},"end":{}}],"line":2}},"s":{"0":1,"1":5,"2":3,"3":2},"f":{"0":5},"b":{"0":[3,2]},"_coverageSchema":"1a1c01bbd47fc00a2c39e90264f33305004495a9","hash":"680656c3513e6abf655e93c7b632a8ea949d50d4"}
}
