TN:
SF:src\analyzeArray.js
FN:1,(anonymous_0)
FN:4,(anonymous_1)
FN:6,(anonymous_2)
FN:7,(anonymous_3)
FN:13,(anonymous_4)
FNF:5
FNH:5
FNDA:3,(anonymous_0)
FNDA:4,(anonymous_1)
FNDA:4,(anonymous_2)
FNDA:4,(anonymous_3)
FNDA:3,(anonymous_4)
DA:1,1
DA:2,3
DA:4,4
DA:5,1
DA:6,4
DA:7,4
DA:8,1
DA:10,1
DA:13,1
DA:14,3
DA:15,10
DA:17,1
DA:19,1
LF:13
LH:13
BRDA:2,0,0,2
BRDA:2,0,1,1
BRDA:14,1,0,2
BRDA:14,1,1,1
BRDA:15,2,0,1
BRDA:15,2,1,9
BRF:6
BRH:6
end_of_record
TN:
SF:src\caeserCipher.js
FN:6,(anonymous_0)
FN:9,(anonymous_1)
FN:11,(anonymous_2)
FNF:3
FNH:3
FNDA:90,(anonymous_0)
FNDA:19,(anonymous_1)
FNDA:3,(anonymous_2)
DA:3,1
DA:4,1
DA:6,90
DA:8,1
DA:9,19
DA:11,1
DA:12,3
DA:14,3
DA:16,2
DA:17,19
DA:18,19
DA:19,19
DA:20,14
DA:21,5
DA:22,5
DA:25,0
DA:28,2
LF:17
LH:16
BRDA:14,0,0,1
BRDA:14,0,1,2
BRDA:18,1,0,19
BRDA:18,1,1,0
BRDA:18,2,0,19
BRDA:18,2,1,14
BRDA:19,3,0,14
BRDA:19,3,1,5
BRDA:21,4,0,5
BRDA:21,4,1,0
BRF:10
BRH:8
end_of_record
TN:
SF:src\calculator.js
FN:1,(anonymous_0)
FN:7,(anonymous_1)
FN:11,(anonymous_2)
FN:15,(anonymous_3)
FN:19,(anonymous_4)
FNF:5
FNH:5
FNDA:7,(anonymous_0)
FNDA:2,(anonymous_1)
FNDA:2,(anonymous_2)
FNDA:2,(anonymous_3)
FNDA:1,(anonymous_4)
DA:1,1
DA:2,7
DA:5,1
DA:7,1
DA:8,2
DA:11,1
DA:12,2
DA:15,1
DA:16,2
DA:19,1
DA:20,1
LF:11
LH:11
BRDA:2,0,0,2
BRDA:2,0,1,5
BRDA:2,1,0,7
BRDA:2,1,1,5
BRDA:8,2,0,1
BRDA:8,2,1,1
BRDA:12,3,0,1
BRDA:12,3,1,1
BRDA:16,4,0,2
BRDA:16,4,1,0
BRDA:20,5,0,1
BRDA:20,5,1,0
BRF:12
BRH:10
end_of_record
TN:
SF:src\capitalize.js
FN:1,(anonymous_0)
FN:11,(anonymous_1)
FN:14,(anonymous_2)
FNF:3
FNH:3
FNDA:4,(anonymous_0)
FNDA:47,(anonymous_1)
FNDA:39,(anonymous_2)
DA:1,2
DA:2,4
DA:3,15
DA:4,14
DA:5,1
DA:8,2
DA:11,2
DA:12,47
DA:14,2
DA:15,39
DA:18,2
LF:11
LH:11
BRDA:3,0,0,1
BRDA:3,0,1,14
BRDA:4,1,0,1
BRDA:4,1,1,13
BRDA:12,2,0,29
BRDA:12,2,1,18
BRDA:12,3,0,47
BRDA:12,3,1,42
BRDA:15,4,0,11
BRDA:15,4,1,28
BRDA:15,5,0,39
BRDA:15,5,1,24
BRF:12
BRH:12
end_of_record
TN:
SF:src\reverseString.js
FN:1,(anonymous_0)
FNF:1
FNH:1
FNDA:5,(anonymous_0)
DA:1,1
DA:2,5
DA:3,2
LF:3
LH:3
BRDA:2,0,0,3
BRDA:2,0,1,2
BRF:2
BRH:2
end_of_record
